<?xml version="1.0" encoding="UTF-8"?>
<!-- Generated by org.testng.reporters.JUnitReportReporter -->
<testsuite hostname="SVET" failures="0" tests="2" name="Sampmavan.signupTest" time="0.028" errors="0" timestamp="2022-05-27T18:00:15 IST" skipped="0">
  <testcase classname="Sampmavan.signupTest" name="validatemobliefield" time="0.006"/>
  <system-out/>
  <testcase classname="Sampmavan.signupTest" name="loginnamevalid" time="0.022"/>
  <system-out/>
</testsuite> <!-- Sampmavan.signupTest -->
