<?xml version="1.0" encoding="UTF-8"?>
<!-- Generated by org.testng.reporters.JUnitReportReporter -->
<testsuite hostname="SVET" failures="0" tests="1" name="Sampmavan.LoginTest" time="0.017" errors="0" timestamp="2022-05-27T17:59:35 IST" skipped="0">
  <testcase classname="Sampmavan.LoginTest" name="Forgetpassword" time="0.017"/>
  <system-out/>
</testsuite> <!-- Sampmavan.LoginTest -->
